<?xml version="1.0" encoding="UTF-8"?>
<!-- Generated by org.testng.reporters.JUnitXMLReporter -->
<testsuite ignored="0" hostname="Khoneshwar" failures="8" tests="8" name="Test(failed)" time="142.144" errors="0" timestamp="2024-11-10T07:53:01 IST">
  <testcase classname="testCases.TC014_ChangePasswordTest" name="verify_ChangePassword" time="11.541">
    <failure type="java.lang.AssertionError" message="expected [true] but found [false]">
      <![CDATA[java.lang.AssertionError: expected [true] but found [false]
at testCases.TC014_ChangePasswordTest.verify_ChangePassword(TC014_ChangePasswordTest.java:34)
at java.base/java.util.ArrayList.forEach(ArrayList.java:1511)
... Removed 34 stack frames]]>
    </failure>
  </testcase> <!-- verify_ChangePassword -->
  <testcase classname="testCases.TC013_MyAccountInfoTest" name="verify_MyAccountInformation" time="11.522">
    <failure type="java.lang.AssertionError" message="expected [true] but found [false]">
      <![CDATA[java.lang.AssertionError: expected [true] but found [false]
at testCases.TC013_MyAccountInfoTest.verify_MyAccountInformation(TC013_MyAccountInfoTest.java:34)
at java.base/java.util.ArrayList.forEach(ArrayList.java:1511)
... Removed 34 stack frames]]>
    </failure>
  </testcase> <!-- verify_MyAccountInformation -->
  <testcase classname="testCases.TC002_LoginTest" name="verify_login" time="11.526">
    <failure type="java.lang.AssertionError" message="expected [true] but found [false]">
      <![CDATA[java.lang.AssertionError: expected [true] but found [false]
at testCases.TC002_LoginTest.verify_login(TC002_LoginTest.java:35)
at java.base/java.util.ArrayList.forEach(ArrayList.java:1511)
... Removed 34 stack frames]]>
    </failure>
  </testcase> <!-- verify_login -->
  <testcase classname="testCases.TC020_AffilateFunctionalityTest" name="verify_Affilate" time="12.144">
    <failure type="java.lang.AssertionError" message="null">
      <![CDATA[java.lang.AssertionError: null
at testCases.TC020_AffilateFunctionalityTest.verify_Affilate(TC020_AffilateFunctionalityTest.java:57)
at java.base/java.util.ArrayList.forEach(ArrayList.java:1511)
... Removed 29 stack frames]]>
    </failure>
  </testcase> <!-- verify_Affilate -->
  <testcase classname="testCases.TC015_AddressBookFunctionalityTest" name="verify_AddressBook" time="11.462">
    <failure type="java.lang.AssertionError" message="expected [true] but found [false]">
      <![CDATA[java.lang.AssertionError: expected [true] but found [false]
at testCases.TC015_AddressBookFunctionalityTest.verify_AddressBook(TC015_AddressBookFunctionalityTest.java:35)
at java.base/java.util.ArrayList.forEach(ArrayList.java:1511)
... Removed 34 stack frames]]>
    </failure>
  </testcase> <!-- verify_AddressBook -->
  <testcase classname="testCases.TC010_WIshListTest" name="verify_WishList" time="11.283">
    <failure type="java.lang.AssertionError" message="expected [true] but found [false]">
      <![CDATA[java.lang.AssertionError: expected [true] but found [false]
at testCases.TC010_WIshListTest.verify_WishList(TC010_WIshListTest.java:38)
at java.base/java.util.ArrayList.forEach(ArrayList.java:1511)
... Removed 34 stack frames]]>
    </failure>
  </testcase> <!-- verify_WishList -->
  <testcase classname="testCases.TC004_LogoutTest" name="verfiy_logout" time="11.32">
    <failure type="java.lang.AssertionError" message="expected [true] but found [false]">
      <![CDATA[java.lang.AssertionError: expected [true] but found [false]
at testCases.TC004_LogoutTest.verfiy_logout(TC004_LogoutTest.java:37)
at java.base/java.util.ArrayList.forEach(ArrayList.java:1511)
... Removed 34 stack frames]]>
    </failure>
  </testcase> <!-- verfiy_logout -->
  <testcase classname="testCases.TC003_LoginDDT" name="verify_loginDDT" time="11.572">
    <failure type="java.lang.AssertionError" message="expected [true] but found [false]">
      <![CDATA[java.lang.AssertionError: expected [true] but found [false]
at testCases.TC003_LoginDDT.verify_loginDDT(TC003_LoginDDT.java:52)
at java.base/java.util.ArrayList.forEach(ArrayList.java:1511)
... Removed 31 stack frames]]>
    </failure>
  </testcase> <!-- verify_loginDDT -->
</testsuite> <!-- Test(failed) -->
