<?xml version="1.0" encoding="UTF-8"?>
<!-- Generated by org.testng.reporters.JUnitXMLReporter -->
<testsuite ignored="0" hostname="Khoneshwar" failures="8" tests="30" name="Test" time="312.158" errors="0" timestamp="2024-11-09T15:45:12 IST">
  <testcase classname="testCases.TC001_AccountRegistrationTest" name="verify_account_registration" time="3.606"/>
  <testcase classname="testCases.TC002_LoginTest" name="verify_login" time="12.064">
    <failure type="java.lang.AssertionError" message="expected [true] but found [false]">
      <![CDATA[java.lang.AssertionError: expected [true] but found [false]
at testCases.TC002_LoginTest.verify_login(TC002_LoginTest.java:35)
at java.base/java.util.ArrayList.forEach(ArrayList.java:1511)
... Removed 34 stack frames]]>
    </failure>
  </testcase> <!-- verify_login -->
  <testcase classname="testCases.TC003_LoginDDT" name="verify_loginDDT" time="12.297">
    <failure type="java.lang.AssertionError" message="expected [true] but found [false]">
      <![CDATA[java.lang.AssertionError: expected [true] but found [false]
at testCases.TC003_LoginDDT.verify_loginDDT(TC003_LoginDDT.java:52)
at java.base/java.util.ArrayList.forEach(ArrayList.java:1511)
... Removed 31 stack frames]]>
    </failure>
  </testcase> <!-- verify_loginDDT -->
  <testcase classname="testCases.TC003_LoginDDT" name="verify_loginDDT" time="11.987"/>
  <testcase classname="testCases.TC003_LoginDDT" name="verify_loginDDT" time="3.701"/>
  <testcase classname="testCases.TC003_LoginDDT" name="verify_loginDDT" time="11.777"/>
  <testcase classname="testCases.TC003_LoginDDT" name="verify_loginDDT" time="3.833"/>
  <testcase classname="testCases.TC004_LogoutTest" name="verfiy_logout" time="11.445">
    <failure type="java.lang.AssertionError" message="expected [true] but found [false]">
      <![CDATA[java.lang.AssertionError: expected [true] but found [false]
at testCases.TC004_LogoutTest.verfiy_logout(TC004_LogoutTest.java:37)
at java.base/java.util.ArrayList.forEach(ArrayList.java:1511)
... Removed 34 stack frames]]>
    </failure>
  </testcase> <!-- verfiy_logout -->
  <testcase classname="testCases.TC005_ForgotPassword" name="verfify_ForgotPassword" time="2.432"/>
  <testcase classname="testCases.TC006_SearchFunctionTest" name="verify_Search" time="1.111"/>
  <testcase classname="testCases.TC007_ProductCompareTest" name="verify_CompareProduct" time="1.724"/>
  <testcase classname="testCases.TC008_ProductDisplayDDT" name="verify_DisplayProducts" time="0.895"/>
  <testcase classname="testCases.TC008_ProductDisplayDDT" name="verify_DisplayProducts" time="1.188"/>
  <testcase classname="testCases.TC008_ProductDisplayDDT" name="verify_DisplayProducts" time="0.824"/>
  <testcase classname="testCases.TC009_AddToCartTest" name="verify_AddToCartTest" time="3.899"/>
  <testcase classname="testCases.TC010_WIshListTest" name="verify_WishList" time="11.479">
    <failure type="java.lang.AssertionError" message="expected [true] but found [false]">
      <![CDATA[java.lang.AssertionError: expected [true] but found [false]
at testCases.TC010_WIshListTest.verify_WishList(TC010_WIshListTest.java:38)
at java.base/java.util.ArrayList.forEach(ArrayList.java:1511)
... Removed 34 stack frames]]>
    </failure>
  </testcase> <!-- verify_WishList -->
  <testcase classname="testCases.TC011_HomePageTest" name="verify_HomePage" time="0.762"/>
  <testcase classname="testCases.TC012_MyAccountfunctionalityTest" name="verify_MyAccount" time="1.478"/>
  <testcase classname="testCases.TC013_MyAccountInfoTest" name="verify_MyAccountInformation" time="11.339">
    <failure type="java.lang.AssertionError" message="expected [true] but found [false]">
      <![CDATA[java.lang.AssertionError: expected [true] but found [false]
at testCases.TC013_MyAccountInfoTest.verify_MyAccountInformation(TC013_MyAccountInfoTest.java:34)
at java.base/java.util.ArrayList.forEach(ArrayList.java:1511)
... Removed 34 stack frames]]>
    </failure>
  </testcase> <!-- verify_MyAccountInformation -->
  <testcase classname="testCases.TC014_ChangePasswordTest" name="verify_ChangePassword" time="11.314">
    <failure type="java.lang.AssertionError" message="expected [true] but found [false]">
      <![CDATA[java.lang.AssertionError: expected [true] but found [false]
at testCases.TC014_ChangePasswordTest.verify_ChangePassword(TC014_ChangePasswordTest.java:34)
at java.base/java.util.ArrayList.forEach(ArrayList.java:1511)
... Removed 34 stack frames]]>
    </failure>
  </testcase> <!-- verify_ChangePassword -->
  <testcase classname="testCases.TC015_AddressBookFunctionalityTest" name="verify_AddressBook" time="11.214">
    <failure type="java.lang.AssertionError" message="expected [true] but found [false]">
      <![CDATA[java.lang.AssertionError: expected [true] but found [false]
at testCases.TC015_AddressBookFunctionalityTest.verify_AddressBook(TC015_AddressBookFunctionalityTest.java:35)
at java.base/java.util.ArrayList.forEach(ArrayList.java:1511)
... Removed 34 stack frames]]>
    </failure>
  </testcase> <!-- verify_AddressBook -->
  <testcase classname="testCases.TC016_OrderHistoryTest" name="verify_OrderHistory" time="2.843"/>
  <testcase classname="testCases.TC017_DownloadsTest" name="verify_Downloads" time="2.898"/>
  <testcase classname="testCases.TC018_RewardPointsTest" name="verify_RewardPoint" time="3.037"/>
  <testcase classname="testCases.TC019_RequestReturnTest" name="verify_ReturnRequst" time="2.808"/>
  <testcase classname="testCases.TC020_AffilateFunctionalityTest" name="verify_Affilate" time="12.091">
    <failure type="java.lang.AssertionError" message="null">
      <![CDATA[java.lang.AssertionError: null
at testCases.TC020_AffilateFunctionalityTest.verify_Affilate(TC020_AffilateFunctionalityTest.java:57)
at java.base/java.util.ArrayList.forEach(ArrayList.java:1511)
... Removed 29 stack frames]]>
    </failure>
  </testcase> <!-- verify_Affilate -->
  <testcase classname="testCases.TC021_NewsletterFunctionalityTest" name="verify_Newsletter" time="3.26"/>
  <testcase classname="testCases.TC022_ContactusFunctionalityTest" name="verify_contactus" time="0.781"/>
  <testcase classname="testCases.TC023_GiftCertificateFunctionalityTest" name="verify_GiftCertificate" time="2.483"/>
  <testcase classname="testCases.TC024_SpecialOffersFunctionalityTest" name="verify_specialOffers" time="0.774"/>
</testsuite> <!-- Test -->
