<?xml version="1.0" encoding="UTF-8"?>
<!-- Generated by org.testng.reporters.JUnitXMLReporter -->
<testsuite ignored="0" hostname="Khoneshwar" failures="2" tests="7" name="Test(failed)(failed)" time="82.773" errors="0" timestamp="2024-11-10T08:03:39 IST">
  <testcase classname="testCases.TC015_AddressBookFunctionalityTest" name="verify_AddressBook" time="5.567"/>
  <testcase classname="testCases.TC013_MyAccountInfoTest" name="verify_MyAccountInformation" time="2.762"/>
  <testcase classname="testCases.TC003_LoginDDT" name="verify_loginDDT" time="11.529">
    <failure type="java.lang.AssertionError" message="expected [true] but found [false]">
      <![CDATA[java.lang.AssertionError: expected [true] but found [false]
at testCases.TC003_LoginDDT.verify_loginDDT(TC003_LoginDDT.java:52)
at java.base/java.util.ArrayList.forEach(ArrayList.java:1511)
... Removed 31 stack frames]]>
    </failure>
  </testcase> <!-- verify_loginDDT -->
  <testcase classname="testCases.TC010_WIshListTest" name="verify_WishList" time="3.478"/>
  <testcase classname="testCases.TC002_LoginTest" name="verify_login" time="2.294"/>
  <testcase classname="testCases.TC020_AffilateFunctionalityTest" name="verify_Affilate" time="12.233">
    <failure type="java.lang.AssertionError" message="null">
      <![CDATA[java.lang.AssertionError: null
at testCases.TC020_AffilateFunctionalityTest.verify_Affilate(TC020_AffilateFunctionalityTest.java:57)
at java.base/java.util.ArrayList.forEach(ArrayList.java:1511)
... Removed 29 stack frames]]>
    </failure>
  </testcase> <!-- verify_Affilate -->
  <testcase classname="testCases.TC004_LogoutTest" name="verfiy_logout" time="3.077"/>
</testsuite> <!-- Test(failed)(failed) -->
